--------------------------------------------------------
OpenGLide Log File
--------------------------------------------------------
***** OpenGLide 0.09rc9 *****
--------------------------------------------------------
Date: 01/20/18
Time: 9:14:2
--------------------------------------------------------
--------------------------------------------------------
Clock Frequency: 2494.34 Mhz
--------------------------------------------------------
--------------------------------------------------------
Configuration file is glide.ini
--------------------------------------------------------
Wrapper Class Priority of 32
Wrapper Priority of 2
--------------------------------------------------------
--------------------------------------------------------
Time: 9:14:8
--------------------------------------------------------
